1305 3205 217
5116 3937 215
5958 1707 238
5789 2284 238
8146 1858 262
3234 1385 217
5051 1990 238
9146 1380 262
5662 5333 236
6176 5837 262
462 8264 262
3883 5042 215
7446 893 262
2688 2212 209
5331 1033 238
9282 7824 260
3220 4266 238
1469 1739 180
2153 6153 238
4632 6114 236
2154 7914 262
8373 8843 216
1000 7960 262
3543 8501 262
2598 6742 262
1307 108 182
2880 5337 238
5441 7519 262
5261 8055 262
5527 5062 192
9682 5603 262
482 8471 262
9200 3814 262
341 7837 262
2378 2423 165
714 6499 262
1327 5421 238
3296 4546 238
3292 1767 217
8311 6129 262
3545 763 217
6447 1522 262
8032 427 262
5207 1403 238
7639 2346 262
8948 3548 262
1008 123 179
2633 9022 262
4057 4711 215
5770 3583 238
6312 2813 262
6807 3310 262
2664 3981 238
9234 518 262
4391 2483 238
5575 6550 262
4896 3256 238
141 1087 179
8857 9158 247
9503 5690 262
571 4691 238
9231 7617 252
476 8835 262
2924 3198 199
8023 6757 257
8469 1860 262
2879 314 209
2478 1760 209
5243 6433 262
9229 2739 262
3295 6007 238
3639 7801 262
5481 6040 236
283 461 144
5083 186 238
6262 7293 257
2105 5553 238
4852 816 238
6655 9446 260
4557 3795 215
3496 2938 199
8079 8661 234
8547 9558 260
4572 6156 236
7566 8302 252
4607 3695 238
9686 2144 262
4809 3219 238
1912 4506 238
1883 2800 209
2034 7730 262
8567 7383 252
1064 1243 182
3237 8876 262
8401 3114 262
7373 5826 262
8411 3862 262
987 2762 209
3717 9685 262
9416 8844 260
9405 3337 262
4788 3997 215
880 4250 238
4524 9869 262
6253 7814 257
6242 5764 262
6631 9507 260
114 2771 209
7276 2922 262
7717 3660 262
3726 3612 238
4118 1988 238
2278 6233 262
1823 5151 238
152 440 144
4134 2770 238
9229 4407 262
2862 5851 238
2551 1256 209
5763 7236 262
1591 1018 182
4746 4388 184
5490 8335 262
1096 2135 182
2505 5933 238
3551 4185 238
1864 5512 238
6221 767 262
2217 1802 175
9658 687 262
8703 2095 262
5415 2959 238
7939 5796 262
6417 7360 257
5741 6521 262
7143 3697 262
3312 9910 262
638 2778 209
3230 2104 217
2870 6983 262
822 9476 262
7891 3705 262
3935 5009 215
9170 8961 198
2012 5323 238
7616 3751 262
3016 3948 238
4049 5436 215
4797 9990 262
133 4696 238
7307 8699 252
2709 1221 209
7626 7567 177
5764 6822 262
4606 6846 262
7983 2984 262
7365 8282 252
4332 6310 262
572 6969 262
4943 2358 238
4445 1796 238
5792 6795 262
9666 9010 260
5184 3740 215
7686 7872 221
9819 2916 262
4291 2185 238
7541 8641 252
3863 2548 238
1755 2443 183
6796 5372 262
9610 4742 262
2465 7921 262
5945 3591 238
2161 7197 262
9334 4471 262
6882 3261 262
2345 2421 165
8199 2463 262
3787 9069 262
914 2347 183
825 8052 262
5760 976 238
3379 8259 262
5625 2439 238
4846 4919 179
789 8909 262
2763 9195 262
3001 1897 217
9094 4639 262
5590 2098 238
1294 2376 183
7968 8660 234
2739 6954 262
5950 9101 262
2607 8977 262
9850 264 262
3170 3347 199
2858 7410 262
8822 1935 262
9086 8508 247
9198 9845 260
3301 6566 262
1482 3760 238
4384 8547 262
4333 6228 262
8505 2988 262
4223 1860 238
8849 2072 262
9365 1874 262
8219 8277 190
9477 4354 262
896 3775 238
5728 3093 238
3020 4023 238
9687 940 262
9319 7295 260
8831 929 262
8544 650 262
314 4402 238
1353 7321 262
382 5813 238
215 2980 217
3854 3840 145
6587 7486 257
8449 766 262
9632 7625 260
2362 3184 217
9618 2568 262
3793 8135 262
2907 1320 209
6196 509 262
9488 2390 262
7571 5707 262
8743 5851 262
8823 3468 262
8424 6754 257
625 601 132
5061 6073 236
6489 1962 262
929 1545 182
362 2171 182
6727 220 262
8941 9844 260
8495 8116 234
457 2775 209
1513 132 182
4906 6275 262
6503 6243 200
7682 4928 262
5149 5829 236
586 8745 262
9233 540 262
5516 8499 262
7917 298 262
8480 8083 234
193 2912 209
7433 4148 262
2327 5318 238
6995 2843 262
5709 1474 238
6742 9728 260
997 8617 262
7513 7717 208
1504 8804 262
6028 5262 236
567 8560 262
7590 2996 262
8433 1528 262
9089 9800 260
2404 8598 262
6131 8976 262
6027 5603 218
1926 9347 262
8498 3946 262
9380 9082 260
898 3372 217
147 5441 238
9904 7532 260
9969 5172 262
1141 8165 262
2180 7239 262
2579 9160 262
6738 3192 262
4252 666 238
7756 4626 262
1998 8429 262
7556 3160 262
5682 3707 238
6726 2395 262
9872 7639 260
2303 3352 217
4218 2397 238
8022 7429 252
6781 2031 262
9734 3770 262
9426 9408 154
4571 6810 262
5563 6295 262
7676 914 262
6061 4996 236
8819 1469 262
834 2905 209
7645 2955 262
8017 3085 262
6062 9508 262
2859 340 209
7398 5245 262
1907 8866 262
6291 7220 257
5894 8610 262
4396 8770 262
504 6312 262
223 4614 238
342 9457 262
3351 4228 238
9452 7468 260
3553 7449 262
2515 7755 262
7673 989 262
2463 2777 209
1010 7069 262
7090 856 262
3944 8829 262
7782 6122 262
3241 422 217
7654 2742 262
3214 2065 217
1047 4215 238
3469 3690 194
179 1446 182
6822 5948 262
2857 8353 262
4055 4306 202
1231 2732 209
5574 4685 236
6892 3683 262
1969 5166 238
5439 5183 192
8877 8095 234
8000 9330 260
4663 4344 215
7281 4827 262
941 4973 238
627 5284 238
9746 418 262
8304 4226 262
8888 4103 262
7847 3235 262
6151 7468 262
6231 1394 262
630 2010 182
5031 5487 192
9788 5883 262
7187 6623 257
4844 7649 262
9950 3481 262
7389 9929 260
3577 9747 262
7137 9455 260
3017 8090 262
4800 772 238
1867 9624 262
3489 636 217
6347 9455 260
3345 2945 199
9223 6967 252
8111 9196 247
439 4236 238
9017 7586 252
926 2819 209
7759 6163 262
7675 8927 252
8102 4941 262
8792 1612 262
4610 8233 262
9810 3400 262
7462 4651 262
8761 7727 252
9026 662 262
7247 5655 262
3182 1360 217
1456 6380 262
7173 9390 260
6497 8191 257
2017 1165 180
3700 9589 262
196 5251 238
8905 3909 262
4671 818 238
9744 5005 262
2815 6991 262
2040 8973 262
1808 8180 262
3219 9071 262
7943 6657 257
1407 2584 209
2661 1223 209
8173 8956 234
5149 6582 262
8494 891 262
4089 3203 238
3114 741 217
528 9231 262
6928 2235 262
7825 3918 262
6432 5545 262
1446 9712 262
1001 882 174
6749 528 262
2491 5543 238
3139 5086 238
3878 3260 238
5739 8082 262
5955 9289 262
5122 1724 238
9423 9603 198
5510 4521 210
7586 118 262
7110 781 262
6875 4624 262
7683 1952 262
8383 7322 252
5629 125 238
2915 4370 238
5496 750 238
1059 1331 182
7116 7953 239
2560 9221 262
6104 5702 218
7473 9380 260
2918 7466 262
2786 9465 262
3157 4286 238
3151 5767 238
2667 4472 238
1370 6176 262
6559 4753 262
1732 7105 262
8798 7515 252
8428 8688 203
4780 6409 262
1852 1873 131
7478 2695 262
6376 6547 200
5702 6657 262
9334 104 262
8952 8961 247
1678 6950 262
3906 8477 262
6609 489 262
2260 2270 90
1443 1853 180
8229 6000 262
6636 7276 257
3899 4526 215
9169 7297 252
1880 9534 262
7817 5258 262
3777 5920 236
7047 2244 262
696 6201 262
5843 3544 238
9577 5690 262
8755 5808 262
2980 1030 217
1408 8502 262
7977 6196 257
8630 3892 262
7289 319 262
9635 6944 260
8119 3726 262
6006 2871 238
4010 2990 238
2773 4798 238
2769 1934 209
4001 4535 215
9636 7896 260
7592 7330 239
8316 270 262
334 5839 238
1144 7514 262
1899 2645 209
4056 8032 262
4719 2814 238
6061 6989 262
5269 4127 215
7041 5583 262
8518 7989 234
8116 3630 262
5499 3322 238
7778 4184 262
683 4467 238
7527 5307 262
5331 8346 262
7427 6013 262
9454 6038 262
762 1378 182
4140 8360 262
677 3234 217
1420 719 182
7168 3034 262
2233 2969 217
3640 4761 238
2912 109 209
6623 7872 257
750 9004 262
2266 6492 262
9294 1798 262
5548 3118 238
7803 8095 252
2493 7144 262
3055 4524 238
5393 4390 210
6847 3701 262
9598 7786 260
6628 6770 182
9133 6152 262
2229 1373 183
1345 2044 180
5136 8651 262
5969 3231 238
288 2149 182
2962 7764 262
8144 9793 260
5124 5802 236
3645 9225 262
1253 4190 238
4178 8317 262
2720 239 209
4308 9054 262
5747 2939 238
6553 3316 262
5405 3820 215
2259 4758 238
8507 7781 252
8230 8166 190
4782 5761 236
2121 1118 182
3051 4037 238
4277 8575 262
8829 8562 216
9327 6155 262
7321 236 262
9578 7961 260
1977 6601 262
4591 5150 210
8911 8042 234
9225 5586 262
4667 6315 262
9991 5601 262
4254 3751 202
658 1376 182
1651 8543 262
6201 7151 257
9524 8727 260
817 5382 238
348 7814 262
1283 6850 262
9531 3939 262
9594 9544 198
9106 8703 247
2214 2503 209
4071 8111 262
6038 1999 238
3061 6606 262
1320 7210 262
704 9198 262
6075 6671 262
9155 9872 260
514 4207 238
5043 7279 262
5826 5120 236
8069 3549 262
3132 901 217
9929 9096 260
9760 947 262
1243 6492 262
2289 3561 217
7494 2023 262
5178 9134 262
2596 2025 209
7400 4117 262
9265 9041 260
3694 5105 238
5777 3424 238
6516 9543 260
3777 1160 238
5354 8318 262
8012 291 262
6227 3480 262
6240 405 262
5136 8371 262
7897 9195 252
5298 7034 262
9662 382 262
5434 7555 262
5568 2434 238
3980 5053 215
6791 9097 257
8015 7678 252
2062 1699 180
1672 4576 238
6539 1520 262
5674 9929 262
5312 1869 238
5933 6967 262
5093 5349 192
4107 3462 238
3058 7460 262
7685 4618 262
6993 4085 262
6737 2779 262
4951 783 238
2768 6219 262
1735 9129 262
7500 5641 262
4370 9081 262
2769 7641 262
5381 5670 236
7877 6112 262
6328 2936 262
4275 7211 262
426 6886 262
1583 8348 262
1098 1974 182
5108 1842 238
6503 1244 262
9183 9143 198
6667 628 262
4958 5431 192
6533 3965 262
5937 4926 236
3277 3860 238
8037 2942 262
9898 5392 262
9290 728 262
4644 376 238
2640 1485 209
9772 2659 262
6371 7913 257
2237 4699 238
4236 9330 262
8860 1191 262
641 7499 262
3710 8874 262
1834 7624 262
2842 2085 209
6055 6960 262
7566 8755 252
9572 2379 262
8339 1910 262
9935 8556 260
8330 1842 262
4868 4218 215
1565 7142 262
8225 228 262
9761 681 262
7824 5751 262
3857 6929 262
2042 759 182
1369 3390 217
4718 9053 262
1655 7783 262
1802 6274 262
1905 3646 217
9420 2037 262
1117 8623 262
7593 6393 257
7943 9178 252
8615 3561 262
9328 740 262
3147 188 217
5124 8289 262
5496 9383 262
6029 4301 236
8930 7274 252
7937 3164 262
6486 9528 260
5850 9279 262
4444 847 238
3725 6477 262
2490 6449 262
1973 8367 262
475 4711 238
5641 6916 262
6159 2828 238
7565 3931 262
4602 9809 262
2067 3007 217
7380 5289 262
2973 9213 262
4210 2538 238
2630 7521 262
213 950 179
3131 1733 217
1800 1612 180
186 3737 238
9965 7128 260
7465 6683 257
9776 6582 260
1547 8219 262
5061 1263 238
8014 2951 262
5413 8974 262
3205 9880 262
5425 3665 238
6369 5420 262
636 4605 238
1692 2799 209
7153 5070 262
2204 6899 262
2750 5454 238
2004 3884 238
8064 202 262
8720 9183 247
7768 1772 262
6341 1185 262
9944 6622 260
6894 710 262
8822 892 262
9560 3152 262
5413 4484 210
2374 8302 262
6167 2566 238
5188 2067 238
5188 7903 262
2452 9088 262
9694 2390 262
6087 4769 236
9057 7260 252
7170 9335 260
9157 5174 262
7616 3840 262
368 5931 238
7308 2424 262
9299 3493 262
4730 7861 262
3217 7157 262
3328 8472 262
521 5755 238
7185 6857 257
2209 2414 183
4538 4814 197
471 1624 182
2298 1285 183
978 9257 262
9774 2191 262
3111 2951 186
7659 3228 262
3852 6681 262
3282 8226 262
1468 7785 262
7139 8830 252
7768 705 262
439 9155 262
345 6354 262
7962 3842 262
7856 3943 262
8793 2477 262
9492 4206 262
6128 4789 236
8748 2735 262
952 5217 238
1506 3705 217
8346 9205 247
8350 8613 234
9356 7625 260
1165 1607 177
9136 5604 262
2155 1897 175
9977 3192 262
6930 1552 262
3521 996 217
9189 1408 262
6797 365 262
6144 2380 238
1707 4904 238
5021 2906 238
624 8993 262
5934 5450 236
8989 3629 262
6405 168 262
1918 3160 217
9675 2955 262
6444 4989 262
1586 9317 262
4627 6629 262
4778 3087 238
4479 7899 262
4355 9883 262
8025 2800 262
6333 4924 262
7626 9265 260
1852 1061 182
3340 5682 238
4857 5940 236
3462 9588 262
9567 904 262
3538 8056 262
8367 530 262
7199 8471 252
6543 8883 257
3711 361 238
7257 220 262
2476 3662 217
4188 9106 262
4152 7132 262
464 450 129
4754 8657 262
8353 9385 260
4967 1847 238
8339 5563 262
2087 5336 238
3928 8100 262
7349 3747 262
7880 2255 262
8737 1343 262
4294 9479 262
5588 9848 262
3764 6851 262
5512 3743 215
3795 1399 238
1274 6252 262
8287 8436 234
3211 8986 262
3917 5333 215
419 1582 182
5258 4059 215
5929 9690 262
1609 4728 238
631 4516 238
5974 3156 238
1889 1760 175
4053 3025 238
1563 5739 238
9602 4442 262
8156 955 262
9540 7479 260
4793 9126 262
4332 4365 184
4516 5145 210
7961 1577 262
5866 7655 262
6006 1378 238
9688 9461 198
5553 143 238
3352 4390 238
2629 6618 262
3458 3428 150
3140 3289 199
6344 4271 262
191 3024 217
5595 4194 236
7355 2514 262
5215 5504 192
3295 8286 262
3238 7955 262
458 1167 182
2494 1773 209
3920 3373 238
9230 6141 262
7271 1565 262
6204 7306 257
5420 316 238
2575 9039 262
3072 5188 238
5965 6625 262
6715 4209 262
3764 760 238
3632 740 217
4527 2225 238
461 6679 262
5456 6173 262
3488 5784 238
8681 1757 262
3201 953 217
5526 6958 262
9593 8660 260
8710 1247 262
1964 3964 238
993 356 179
6972 1329 262
3122 375 217
8845 7158 252
7889 9595 260
2588 3889 238
2979 9138 262
9696 5270 262
8935 4924 262
677 132 145
1082 1971 182
6052 9509 262
3331 6014 238
8151 7537 252
2629 8209 262
3058 3647 199
5883 3090 238
9599 784 262
5422 5757 236
8440 8184 234
7761 2060 262
530 4524 238
550 8120 262
3516 343 217
4617 3010 238
9654 6023 262
9004 1129 262
4359 1156 238
2490 1938 209
7788 5588 262
783 1521 182
4234 1158 238
6768 5477 262
8425 3581 262
7817 2236 262
2597 3432 217
4027 3706 238
316 8098 262
933 9710 262
6936 8627 257
9679 1290 262
1954 4714 238
9692 4291 262
2747 8604 262
172 156 125
8371 633 262
4416 3567 238
6655 1493 262
8070 3477 262
704 1723 182
7800 4284 262
6991 4244 262
7914 7449 221
2529 5399 238
6834 2943 262
3374 1291 217
8383 5713 262
7865 5414 262
3285 1281 217
6547 3877 262
1332 4941 238
7392 7456 239
6827 2523 262
4176 6825 262
4966 3986 215
6002 6064 187
4757 9449 262
9441 3927 262
4067 3483 238
8389 7270 252
6359 9664 260
9606 8373 260
1410 4382 238
6568 5674 262
412 1802 182
3767 9868 262
5786 4801 236
9226 6743 257
9435 9946 242
295 1654 182
9114 1683 262
7114 7821 239
5392 7205 262
9077 4708 262
9420 5299 262
2593 3134 217
6916 6685 182
9681 6394 260
8501 9595 260
4581 3213 238
304 8599 262
9768 3211 262
3359 7933 262
782 6518 262
2724 4958 238
5297 5957 236
7175 1564 262
5269 1997 238
6562 8359 257
3502 9154 262
3588 6499 262
1621 6115 238
628 1698 182
1601 5800 238
722 8162 262
1732 9312 262
9896 7559 260
134 6975 262
2966 7724 262
3684 1541 217
5364 8237 262
8276 2172 262
4414 7332 262
8693 9757 260
3827 5898 236
8653 4779 262
1013 6407 262
2425 6071 238
